<?xml version="1.0" encoding="UTF-8"?>
<!-- Generated by org.testng.reporters.JUnitReportReporter -->
<testsuite hostname="LAPTOP-I2MVIV59" failures="0" tests="3" name="CucumberOptions.TestNGTestRunner" time="48.123" errors="0" timestamp="2023-12-17T20:27:19 IST" skipped="0">
  <testcase classname="CucumberOptions.TestNGTestRunner" name="runScenario" time="15.507"/>
  <testcase classname="CucumberOptions.TestNGTestRunner" name="runScenario" time="16.913"/>
  <testcase classname="CucumberOptions.TestNGTestRunner" name="runScenario" time="15.703"/>
</testsuite> <!-- CucumberOptions.TestNGTestRunner -->
